[Licensing::Module] Trying to connect to existing licensing client channel...
Built from '6000.4/staging' branch; Version is '6000.4.8f1 (f8b72d3d7343) revision 16299821'; Using compiler version '194234433'; Build Type 'Release'
OS: 'Windows 10  (10.0.19045) 64bit Professional' Language: 'en' Physical Memory: 8081 MB
BatchMode: 1, IsHumanControllingUs: 0, StartBugReporterOnCrash: 0, Is64bit: 1
System  architecture: x64
Process architecture: x64
Date: 2026-06-15T07:33:53Z
[Licensing::IpcConnector] Successfully connected to: "LicenseClient-ashis" at "2026-06-15T07:33:53.1731544Z"

COMMAND LINE ARGUMENTS:
C:\Program Files\Unity\Hub\Editor\6000.4.8f1\Editor\Unity.exe
-adb2
-batchMode
-noUpm
-name
AssetImportWorker0
-projectPath
D:/GitHub/unity-example
-logFile
Logs/AssetImportWorker0.log
-srvPort
61504
-licensingIpc
LicenseClient-ashis
-force-d3d12
-job-worker-count
1
-background-job-worker-count
8
-gc-helper-count
1
-name
AssetImport
Successfully changed project path to: D:/GitHub/unity-example
D:/GitHub/unity-example
[UnityMemory] Configuration Parameters - Can be set up in boot.config
    "memorysetup-temp-allocator-size-gi-baking-worker=262144"
    "memorysetup-temp-allocator-size-gi-baking-worker=262144"
    "memorysetup-temp-allocator-size-gi-baking-worker=262144"
    "memorysetup-temp-allocator-size-gi-baking-worker=262144"
    "memorysetup-temp-allocator-size-gi-baking-worker=262144"
    "memorysetup-temp-allocator-size-nav-mesh-worker=65536"
    "memorysetup-temp-allocator-size-audio-worker=65536"
    "memorysetup-temp-allocator-size-cloud-worker=32768"
    "memorysetup-temp-allocator-size-gfx=262144"
    "memorysetup-temp-allocator-size-preload-manager=33554432"
    "memorysetup-temp-allocator-size-job-worker=262144"
    "memorysetup-temp-allocator-size-background-worker=32768"
    "memorysetup-allocator-temp-initial-block-size-main=262144"
    "memorysetup-allocator-temp-initial-block-size-worker=262144"
    "memorysetup-bucket-allocator-granularity=16"
    "memorysetup-bucket-allocator-bucket-count=8"
    "memorysetup-bucket-allocator-block-size=33554432"
    "memorysetup-bucket-allocator-block-count=8"
    "memorysetup-main-allocator-block-size=16777216"
    "memorysetup-thread-allocator-block-size=16777216"
    "memorysetup-gfx-main-allocator-block-size=16777216"
    "memorysetup-gfx-thread-allocator-block-size=16777216"
    "memorysetup-cache-allocator-block-size=4194304"
    "memorysetup-typetree-allocator-block-size=2097152"
    "memorysetup-profiler-bucket-allocator-granularity=16"
    "memorysetup-profiler-bucket-allocator-bucket-count=8"
    "memorysetup-profiler-bucket-allocator-block-size=33554432"
    "memorysetup-profiler-bucket-allocator-block-count=8"
    "memorysetup-profiler-allocator-block-size=16777216"
    "memorysetup-profiler-editor-allocator-block-size=1048576"
    "memorysetup-temp-allocator-size-main=16777216"
    "memorysetup-job-temp-allocator-block-size=2097152"
    "memorysetup-job-temp-allocator-block-size-background=1048576"
    "memorysetup-job-temp-allocator-reduction-small-platforms=262144"
Player connection [6128]  Target information:

Player connection [6128]  * "[IP] 192.168.42.38 [Port] 0 [Flags] 2 [Guid] 3155909854 [EditorId] 3155909854 [Version] 1048832 [Id] WindowsEditor(7,DESKTOP-T69NA3S) [Debug] 1 [PackageName] WindowsEditor [ProjectName] Editor" 

Player connection [6128] Host joined multi-casting on [225.0.0.222:54997]...
Player connection [6128] Host joined alternative multi-casting on [225.0.0.222:34997]...
JobSystem: Creating JobQueue using job-worker-count value 1
Input System module state changed to: Initialized.
[Physics::Module] Initialized fallback backend.
[Physics::Module] Id: 0xdecafbad
Library Redirect Path: Library/
[Physics::Module] Selected backend.
[Physics::Module] Name: PhysX
[Physics::Module] Id: 0xf2b8ea05
[Physics::Module] SDK Version: 4.1.2
[Physics::Module] Integration Version: 1.0.0
[Physics::Module] Threading Mode: Multi-Threaded
Initialize engine version: 6000.4.8f1 (f8b72d3d7343)
[Subsystems] Discovering subsystems at path C:/Program Files/Unity/Hub/Editor/6000.4.8f1/Editor/Data/Resources/UnitySubsystems
[Subsystems] Discovering subsystems at path D:/GitHub/unity-example/Assets
Forcing GfxDevice: Direct3D 12
GfxDevice: creating device client; kGfxThreadingModeNonThreaded
d3d12: failed to create D3D12 device (0x887a0004).
GfxDevice: creating device client; kGfxThreadingModeNonThreaded
d3d12: failed to create D3D12 device (0x887a0004).
GfxDevice: creating device client; kGfxThreadingModeNonThreaded
Direct3D:
    Version:  Direct3D 11.0 [level 11.0]
    Renderer: Intel(R) HD Graphics (ID=0x152)
    Vendor:   Intel
    VRAM:     128 MB
    Driver:   10.18.10.4252
Initialize mono
Mono path[0] = 'C:/Program Files/Unity/Hub/Editor/6000.4.8f1/Editor/Data/Managed'
Mono path[1] = 'C:/Program Files/Unity/Hub/Editor/6000.4.8f1/Editor/Data/MonoBleedingEdge/lib/mono/unityjit-win32'
Mono config path = 'C:/Program Files/Unity/Hub/Editor/6000.4.8f1/Editor/Data/MonoBleedingEdge/etc'
Using monoOptions --debugger-agent=transport=dt_socket,embedding=1,server=y,suspend=n,address=127.0.0.1:56928
CodeReloadManager initialized
Begin MonoManager ReloadAssembly
Registering precompiled unity dll's ...
Register platform support module: C:/Program Files/Unity/Hub/Editor/6000.4.8f1/Editor/Data/PlaybackEngines/WebGLSupport/UnityEditor.WebGL.Extensions.dll
Register platform support module: C:/Program Files/Unity/Hub/Editor/6000.4.8f1/Editor/Data/PlaybackEngines/WindowsStandaloneSupport/UnityEditor.WindowsStandalone.Extensions.dll
[Licensing::Module] Licensing is not yet initialized.
[Licensing::Client] Error: HandshakeResponse reported an error:
	ResponseCode: 505
	ResponseStatus: Unsupported protocol version '1.18.1'.
[Licensing::Module] Error: Failed to handshake to channel: "LicenseClient-ashis"
[Licensing::IpcConnector] LicenseClient-ashis channel disconnected successfully.
[Licensing::IpcConnector] Successfully connected to: "LicenseClient-ashis-6000.4.8" at "2026-06-15T07:33:59.7092675Z"
[Licensing::Client] Code 10 while verifying Licensing Client signature (process Id: 12060, path: "C:/Program Files/Unity/Hub/Editor/6000.4.8f1/Editor/Data/Resources/Licensing/Client/Unity.Licensing.Client.exe")
[Licensing::Module] LicensingClient has failed validation; ignoring
[Licensing::Client] Handshaking with LicensingClient:
  Version:                 1.18.1+9fbee8e
  Session Id:              6a2c80d45dc14060b2a80519b76bd072
  Correlation Id:          9312d222e95a083534ac0be5f016373d
  External correlation Id: 7053530141087636876
  Machine Id:              BYVuDbl1MJ2ZNObeA+Eu7P6CLJM=
[Licensing::Module] Successfully connected to LicensingClient on channel: "LicenseClient-ashis-6000.4.8" (connect: 0.01s, validation: 0.00s, handshake: 0.08s)
[Licensing::IpcConnector] Successfully connected to: "LicenseClient-ashis-6000.4.8-notifications" at "2026-06-15T07:33:59.7981144Z"
[Licensing::Module] Licensing Background thread has ended after 6.63s
[Licensing::Module] Licensing is initialized (took 1.70s).
[Licensing::Client] Successfully resolved entitlement details
[Licensing::Module] License group:
  Id: 13469889831189-UnityPersXXXX
  Product: Unity Personal
  Type: Assigned
  Expiration: Unlimited
Register platform support module: C:/Program Files/Unity/Hub/Editor/6000.4.8f1/Editor/Data/PlaybackEngines/AndroidPlayer/UnityEditor.Android.Extensions.dll
Registered in 1.714087 seconds.
Native extension for Android target not found
Native extension for WindowsStandalone target not found
Native extension for WebGL target not found
Package Manager log level set to [2]
[Package Manager] Failed to launch server process. Reason: Unity was launched with the -noUpm command-line argument
[Package Manager] Unable to send message (not connected to server process).
[Package Manager] Cannot connect to Unity Package Manager local server
ScheduleIndexationOnStartup MainProcess:False IndexOnStartup:True
Mono: successfully reloaded assembly
- Finished resetting the current domain, in  1.040 seconds
Domain Reload Profiling: 8175ms
	BeginReloadAssembly (735ms)
		CreateAndSetChildDomain (3ms)
	RebuildCommonClasses (857ms)
	RebuildNativeTypeToScriptingClass (86ms)
	initialDomainReloadingComplete (1972ms)
	LoadAllAssembliesAndSetupDomain (3481ms)
		LoadAssemblies (720ms)
		AnalyzeDomain (3457ms)
			TypeCache.Refresh (3454ms)
				TypeCache.ScanAssembly (2262ms)
	FinalizeReload (1045ms)
		SetupLoadedEditorAssemblies (0ms)
			InitializePlatformSupportModulesInManaged (226ms)
			BeforeProcessingInitializeOnLoad (226ms)
			ProcessInitializeOnLoadAttributes (286ms)
			ProcessInitializeOnLoadMethodAttributes (152ms)
========================================================================
Worker process is ready to serve import requests
Import Worker Mode flag is 0x00
Begin MonoManager ReloadAssembly
[Licensing::Client] Successfully resolved entitlement details
Assembly Assembly-CSharp-Editor-firstpass.dll at Library/ScriptAssemblies/Assembly-CSharp-Editor-firstpass.dll not valid. Loading of assembly skipped.
Assembly Assembly-CSharp-Editor.dll at Library/ScriptAssemblies/Assembly-CSharp-Editor.dll not valid. Loading of assembly skipped.
Assembly Assembly-CSharp-firstpass.dll at Library/ScriptAssemblies/Assembly-CSharp-firstpass.dll not valid. Loading of assembly skipped.
Assembly Assembly-CSharp.dll at Library/ScriptAssemblies/Assembly-CSharp.dll not valid. Loading of assembly skipped.
Assembly Unity.Multiplayer.Center.Editor.Tests.dll at Library/ScriptAssemblies/Unity.Multiplayer.Center.Editor.Tests.dll not valid. Loading of assembly skipped.
Assembly Unity.Multiplayer.Center.Tests.dll at Library/ScriptAssemblies/Unity.Multiplayer.Center.Tests.dll not valid. Loading of assembly skipped.
Native extension for Android target not found
Native extension for WindowsStandalone target not found
Native extension for WebGL target not found
[Package Manager] Failed to launch server process. Reason: Unity was launched with the -noUpm command-line argument
[Package Manager] Unable to send message (not connected to server process).
[Package Manager] Cannot connect to Unity Package Manager local server
ScheduleIndexationOnStartup MainProcess:False IndexOnStartup:True
Mono: successfully reloaded assembly
- Finished resetting the current domain, in  0.940 seconds
Domain Reload Profiling: 1727ms
	BeginReloadAssembly (472ms)
		DisableScriptedObjects (22ms)
		CreateAndSetChildDomain (61ms)
	RebuildCommonClasses (105ms)
	RebuildNativeTypeToScriptingClass (35ms)
	initialDomainReloadingComplete (102ms)
	LoadAllAssembliesAndSetupDomain (69ms)
		LoadAssemblies (282ms)
		AnalyzeDomain (43ms)
			TypeCache.Refresh (37ms)
				TypeCache.ScanAssembly (22ms)
	FinalizeReload (944ms)
		SetupLoadedEditorAssemblies (0ms)
			InitializePlatformSupportModulesInManaged (43ms)
			BeforeProcessingInitializeOnLoad (254ms)
			ProcessInitializeOnLoadAttributes (219ms)
			ProcessInitializeOnLoadMethodAttributes (107ms)
			AfterProcessingInitializeOnLoad (18ms)
		AwakeInstancesAfterBackupRestoration (14ms)
Launched and connected shader compiler UnityShaderCompiler.exe after 0.02 seconds
Unloading 0 Unused Serialized files (Serialized files now loaded: 0)
Unloading 64 unused Assets / (30.0 KB). Loaded Objects now: 681.
Memory consumption went from 62.8 MB to 62.8 MB.
Total: 10.762400 ms (FindLiveObjects: 0.110300 ms CreateObjectMapping: 0.019000 ms MarkObjects: 10.480700 ms  DeleteObjects: 0.146700 ms)

========================================================================
Received Import Request.
  Time since last request: 154688.460972 seconds.
  path: Packages/com.unity.multiplayer.center/package.json
  importAddress: Guid(df0857f6a11054383be91b1f8e1b5800) Importer(815301076,1909f56bfc062723c751e8b465ee728b)
Start importing Packages/com.unity.multiplayer.center/package.json using Guid(df0857f6a11054383be91b1f8e1b5800) Importer(815301076,1909f56bfc062723c751e8b465ee728b) (PreviewImporter) -> (Import Result ID: 'af69e0ec284bd546f16933deca8865f0') in 0.0462278 seconds [static and dynamic dependencies]. Details - ImportResultOutputID=ed2133436cad400a2559f83549ff92dc DependenciesID=0502bd5709c2578d3be855d41beaefae StaticDependenciesID=6fbd7d69e016b55b724f7876e95bfa4c 
Number of updated asset objects reloaded before import = 0Number of asset objects unloaded after import = 1

========================================================================
Received Import Request.
  Time since last request: 232.186400 seconds.
  path: Assets/sc.unity
  importAddress: Guid(0b3f47f829390aa49a637ab8815bd56d) Importer(2089858483,b0f066a214c2f5e87bad3c948f4d605d)
Start importing Assets/sc.unity using Guid(0b3f47f829390aa49a637ab8815bd56d) Importer(2089858483,b0f066a214c2f5e87bad3c948f4d605d) (ScriptedImporter) -> (Import Result ID: '042c4cda944d6036c4f0c7fe6b4a0359') in 0.1744487 seconds [static and dynamic dependencies]. Details - ImportResultOutputID=51a004b53598564a1cc87b83dd7bda26 DependenciesID=7047b7c4265e4260825409c8dda2dec1 StaticDependenciesID=70b88290084a82eecdfb0d6ebd01ec7b 
Number of updated asset objects reloaded before import = 0Number of asset objects unloaded after import = 1

========================================================================
Received Import Request.
  Time since last request: 22.131881 seconds.
  path: Assets/sc.unity
  importAddress: Guid(0b3f47f829390aa49a637ab8815bd56d) Importer(815301076,1909f56bfc062723c751e8b465ee728b)
Start importing Assets/sc.unity using Guid(0b3f47f829390aa49a637ab8815bd56d) Importer(815301076,1909f56bfc062723c751e8b465ee728b) (PreviewImporter) -> (Import Result ID: '493ab1f7c551ed08db1b2cd60cabf668') in 0.0006668 seconds [static and dynamic dependencies]. Details - ImportResultOutputID=a6fbb4b21feb5f604b0534e10bfc4839 DependenciesID=703ce4d4861f389d49186f6e279e407f StaticDependenciesID=4491788b19cae02b8aa6fdafdafbc4b2 
Number of updated asset objects reloaded before import = 0Number of asset objects unloaded after import = 0

